************ Fetching all data ***************
Get connection for route {}->http://restapi.demoqa.com:80
Connecting to restapi.demoqa.com:80
CookieSpec selected: ignoreCookies
Auth cache not set in the context
Target auth state: UNCHALLENGED
Proxy auth state: UNCHALLENGED
Attempt 1 to execute request
Sending request: GET /utilities/weather/city/Chennai HTTP/1.1
 >> "GET /utilities/weather/city/Chennai HTTP/1.1[\r][\n]"
 >> "Accept: */*[\r][\n]"
 >> "Host: restapi.demoqa.com[\r][\n]"
 >> "Connection: Keep-Alive[\r][\n]"
 >> "User-Agent: Apache-HttpClient/4.5.3 (Java/1.8.0_231)[\r][\n]"
 >> "Accept-Encoding: gzip,deflate[\r][\n]"
 >> "[\r][\n]"
>> GET /utilities/weather/city/Chennai HTTP/1.1
>> Accept: */*
>> Host: restapi.demoqa.com
>> Connection: Keep-Alive
>> User-Agent: Apache-HttpClient/4.5.3 (Java/1.8.0_231)
>> Accept-Encoding: gzip,deflate
 << "HTTP/1.1 200 OK[\r][\n]"
 << "Server: nginx[\r][\n]"
 << "Date: Fri, 13 Mar 2020 08:54:28 GMT[\r][\n]"
 << "Content-Type: application/json[\r][\n]"
 << "Content-Length: 166[\r][\n]"
 << "Connection: keep-alive[\r][\n]"
 << "Vary: Accept-Encoding[\r][\n]"
 << "Content-Encoding: gzip[\r][\n]"
 << "Cache-Control: max-age=0[\r][\n]"
 << "Expires: Fri, 13 Mar 2020 08:54:28 GMT[\r][\n]"
 << "Access-Control-Allow-Origin: *[\r][\n]"
 << "X-Proxy-Cache: BYPASS[\r][\n]"
 << "alt-svc: quic=":443"; ma=86400; v="43,39"[\r][\n]"
 << "[\r][\n]"
Receiving response: HTTP/1.1 200 OK
<< HTTP/1.1 200 OK
<< Server: nginx
<< Date: Fri, 13 Mar 2020 08:54:28 GMT
<< Content-Type: application/json
<< Content-Length: 166
<< Connection: keep-alive
<< Vary: Accept-Encoding
<< Content-Encoding: gzip
<< Cache-Control: max-age=0
<< Expires: Fri, 13 Mar 2020 08:54:28 GMT
<< Access-Control-Allow-Origin: *
<< X-Proxy-Cache: BYPASS
<< alt-svc: quic=":443"; ma=86400; v="43,39"
Connection can be kept alive indefinitely
Parsing response as: application/json
 << "[0x1f][0x8b][0x8][0x0][0x0][0x0][0x0][0x0][0x0][0x3]M[0x8e]A[0xb][0x82]@[0x10][0x85][0xef][0xfe][0x8a]a[0xcf]!Y[0xd9][0xa1]k[0x1e][0x84].A[0x81]g[0xd9]}[0xe5][0x80][0xee][0xca][0xb8]KD[0xf4][0xdf]sS[0xa3][0xb9]<[0x98][0xf7][0xf1][0xf1]^[0x9][0x8d][0xa7][0x8e][0xec][0x9f][0xea]0f[0x3]kkV[0xab][0xe9]}E[0xd7]Cj[0x1f][0x4][0xb1][0xdd]f[0xe9]~C[0x5][0xee][0x2][0x90]F;p[0x18][0x16][0xb4][0xc][0x1d][0x9b][0xd9][0x92][0xe7]t[0x86]hX[0xbf][0xb4][0x15]j[0xdf]@[\n]"
 << "[0xc]Z[0xb8][0xf7][0xec]l[0xe4]nx[0x90]n]0?K[0xc5][0xd6]\z[0xc0]|5iF[0xa7][0x8e][0xc6][0x5][0xd4][0xb8] [0xff]L[0xc1][0x2][0x1d]5[0xd3][0x98]Hg[0xbb][0xf5]<M%[0xef][0xf]YG[0x98][0xc8][0xd7][0x0][0x0][0x0]"
Parsed data to instance of: class org.apache.http.conn.EofSensorInputStream
************* Checking Response Body **************
Releasing connection org.apache.http.impl.conn.ManagedClientConnectionImpl@1dd6d4b7
Connection can be kept alive indefinitely
Response Body: {
    "City": "Chennai",
    "Temperature": "31.62 Degree celsius",
    "Humidity": "55 Percent",
    "WeatherDescription": "few clouds",
    "WindSpeed": "5.1 Km per hour",
    "WindDirectionDegree": "140 Degree"
}
************* Checking Status Code **************
Status Code: 200
************* All Tests are executed **************
